{
  "RSpec": {
    "coverage": {
      "/Users/mariaelisa/Documents/TAMU/Spring2021/CSCE431/GoogleClassroomRepos/assignment-2-rails-tdd-rspec-and-capybara-mariafloress/BookCollection/BookCollection/spec/acceptance/create_book_spec.rb": {
        "lines": [
          1,
          null,
          1,
          1,
          1,
          1,
          1,
          1,
          1,
          1,
          1,
          null,
          1,
          null,
          1,
          null,
          null,
          1,
          1,
          1,
          1,
          1,
          1,
          1,
          1,
          null,
          1,
          null,
          null,
          null
        ]
      },
      "/Users/mariaelisa/Documents/TAMU/Spring2021/CSCE431/GoogleClassroomRepos/assignment-2-rails-tdd-rspec-and-capybara-mariafloress/BookCollection/BookCollection/spec/rails_helper.rb": {
        "lines": [
          null,
          1,
          1,
          1,
          null,
          1,
          1,
          null,
          null,
          null,
          null,
          null,
          null,
          null,
          null,
          null,
          null,
          null,
          null,
          null,
          null,
          null,
          null,
          null,
          null,
          null,
          null,
          1,
          null,
          0,
          0,
          null,
          1,
          null,
          1,
          null,
          null,
          null,
          null,
          1,
          null,
          null,
          null,
          null,
          null,
          null,
          null,
          null,
          null,
          null,
          null,
          null,
          null,
          null,
          null,
          null,
          null,
          1,
          null,
          null,
          1,
          null,
          null,
          null
        ]
      },
      "/Users/mariaelisa/Documents/TAMU/Spring2021/CSCE431/GoogleClassroomRepos/assignment-2-rails-tdd-rspec-and-capybara-mariafloress/BookCollection/BookCollection/config/environment.rb": {
        "lines": [
          null,
          1,
          null,
          null,
          1
        ]
      },
      "/Users/mariaelisa/Documents/TAMU/Spring2021/CSCE431/GoogleClassroomRepos/assignment-2-rails-tdd-rspec-and-capybara-mariafloress/BookCollection/BookCollection/config/application.rb": {
        "lines": [
          1,
          null,
          1,
          null,
          null,
          null,
          1,
          null,
          1,
          1,
          null,
          1,
          null,
          null,
          null,
          null,
          null,
          null,
          null,
          null,
          null,
          null
        ]
      },
      "/Users/mariaelisa/Documents/TAMU/Spring2021/CSCE431/GoogleClassroomRepos/assignment-2-rails-tdd-rspec-and-capybara-mariafloress/BookCollection/BookCollection/config/boot.rb": {
        "lines": [
          1,
          null,
          1,
          1
        ]
      },
      "/Users/mariaelisa/Documents/TAMU/Spring2021/CSCE431/GoogleClassroomRepos/assignment-2-rails-tdd-rspec-and-capybara-mariafloress/BookCollection/BookCollection/config/environments/test.rb": {
        "lines": [
          1,
          null,
          null,
          null,
          null,
          null,
          null,
          1,
          null,
          null,
          1,
          1,
          null,
          null,
          null,
          null,
          1,
          null,
          null,
          1,
          1,
          null,
          null,
          null,
          null,
          1,
          1,
          1,
          null,
          null,
          1,
          null,
          null,
          1,
          null,
          null,
          1,
          null,
          1,
          null,
          null,
          null,
          null,
          1,
          null,
          null,
          1,
          null,
          null,
          1,
          null,
          null,
          1,
          null,
          null,
          null,
          null,
          null,
          null,
          null
        ]
      },
      "/Users/mariaelisa/Documents/TAMU/Spring2021/CSCE431/GoogleClassroomRepos/assignment-2-rails-tdd-rspec-and-capybara-mariafloress/BookCollection/BookCollection/config/initializers/application_controller_renderer.rb": {
        "lines": [
          null,
          null,
          null,
          null,
          null,
          null,
          null,
          null
        ]
      },
      "/Users/mariaelisa/Documents/TAMU/Spring2021/CSCE431/GoogleClassroomRepos/assignment-2-rails-tdd-rspec-and-capybara-mariafloress/BookCollection/BookCollection/config/initializers/assets.rb": {
        "lines": [
          null,
          null,
          null,
          1,
          null,
          null,
          null,
          null,
          1,
          null,
          null,
          null,
          null,
          null
        ]
      },
      "/Users/mariaelisa/Documents/TAMU/Spring2021/CSCE431/GoogleClassroomRepos/assignment-2-rails-tdd-rspec-and-capybara-mariafloress/BookCollection/BookCollection/config/initializers/backtrace_silencers.rb": {
        "lines": [
          null,
          null,
          null,
          null,
          null,
          null,
          null,
          1
        ]
      },
      "/Users/mariaelisa/Documents/TAMU/Spring2021/CSCE431/GoogleClassroomRepos/assignment-2-rails-tdd-rspec-and-capybara-mariafloress/BookCollection/BookCollection/config/initializers/content_security_policy.rb": {
        "lines": [
          null,
          null,
          null,
          null,
          null,
          null,
          null,
          null,
          null,
          null,
          null,
          null,
          null,
          null,
          null,
          null,
          null,
          null,
          null,
          null,
          null,
          null,
          null,
          null,
          null,
          null,
          null,
          null,
          null,
          null
        ]
      },
      "/Users/mariaelisa/Documents/TAMU/Spring2021/CSCE431/GoogleClassroomRepos/assignment-2-rails-tdd-rspec-and-capybara-mariafloress/BookCollection/BookCollection/config/initializers/cookies_serializer.rb": {
        "lines": [
          null,
          null,
          null,
          null,
          1
        ]
      },
      "/Users/mariaelisa/Documents/TAMU/Spring2021/CSCE431/GoogleClassroomRepos/assignment-2-rails-tdd-rspec-and-capybara-mariafloress/BookCollection/BookCollection/config/initializers/filter_parameter_logging.rb": {
        "lines": [
          null,
          null,
          null,
          1,
          null,
          null
        ]
      },
      "/Users/mariaelisa/Documents/TAMU/Spring2021/CSCE431/GoogleClassroomRepos/assignment-2-rails-tdd-rspec-and-capybara-mariafloress/BookCollection/BookCollection/config/initializers/inflections.rb": {
        "lines": [
          null,
          null,
          null,
          null,
          null,
          null,
          null,
          null,
          null,
          null,
          null,
          null,
          null,
          null,
          null,
          null
        ]
      },
      "/Users/mariaelisa/Documents/TAMU/Spring2021/CSCE431/GoogleClassroomRepos/assignment-2-rails-tdd-rspec-and-capybara-mariafloress/BookCollection/BookCollection/config/initializers/mime_types.rb": {
        "lines": [
          null,
          null,
          null,
          null
        ]
      },
      "/Users/mariaelisa/Documents/TAMU/Spring2021/CSCE431/GoogleClassroomRepos/assignment-2-rails-tdd-rspec-and-capybara-mariafloress/BookCollection/BookCollection/config/initializers/permissions_policy.rb": {
        "lines": [
          null,
          null,
          null,
          null,
          null,
          null,
          null,
          null,
          null,
          null,
          null
        ]
      },
      "/Users/mariaelisa/Documents/TAMU/Spring2021/CSCE431/GoogleClassroomRepos/assignment-2-rails-tdd-rspec-and-capybara-mariafloress/BookCollection/BookCollection/config/initializers/wrap_parameters.rb": {
        "lines": [
          null,
          null,
          null,
          null,
          null,
          null,
          1,
          2,
          null,
          null,
          null,
          null,
          null,
          null
        ]
      },
      "/Users/mariaelisa/Documents/TAMU/Spring2021/CSCE431/GoogleClassroomRepos/assignment-2-rails-tdd-rspec-and-capybara-mariafloress/BookCollection/BookCollection/config/routes.rb": {
        "lines": [
          1,
          1,
          null,
          1,
          null,
          null,
          null,
          1,
          null,
          null
        ]
      },
      "/Users/mariaelisa/Documents/TAMU/Spring2021/CSCE431/GoogleClassroomRepos/assignment-2-rails-tdd-rspec-and-capybara-mariafloress/BookCollection/BookCollection/app/helpers/application_helper.rb": {
        "lines": [
          1,
          null
        ]
      },
      "/Users/mariaelisa/Documents/TAMU/Spring2021/CSCE431/GoogleClassroomRepos/assignment-2-rails-tdd-rspec-and-capybara-mariafloress/BookCollection/BookCollection/app/helpers/books_helper.rb": {
        "lines": [
          1,
          null
        ]
      },
      "/Users/mariaelisa/Documents/TAMU/Spring2021/CSCE431/GoogleClassroomRepos/assignment-2-rails-tdd-rspec-and-capybara-mariafloress/BookCollection/BookCollection/spec/acceptance/delete_book_spec.rb": {
        "lines": [
          1,
          null,
          1,
          1,
          1,
          1,
          1,
          1,
          1,
          1,
          1,
          null,
          1,
          null,
          1,
          1,
          null,
          1,
          1,
          null,
          null,
          null,
          1,
          1,
          1,
          1,
          1,
          1,
          1,
          1,
          1,
          null,
          1,
          null,
          1,
          1,
          null,
          1,
          1,
          null,
          null
        ]
      },
      "/Users/mariaelisa/Documents/TAMU/Spring2021/CSCE431/GoogleClassroomRepos/assignment-2-rails-tdd-rspec-and-capybara-mariafloress/BookCollection/BookCollection/spec/acceptance/edit_book_spec.rb": {
        "lines": [
          1,
          null,
          1,
          1,
          1,
          1,
          1,
          1,
          1,
          1,
          1,
          null,
          1,
          null,
          null,
          1,
          1,
          1,
          1,
          1,
          1,
          null,
          1,
          null,
          1,
          null,
          null,
          1,
          1,
          1,
          1,
          1,
          1,
          1,
          1,
          null,
          1,
          null,
          1,
          1,
          1,
          1,
          1,
          1,
          null,
          1,
          null,
          null,
          null,
          null
        ]
      },
      "/Users/mariaelisa/Documents/TAMU/Spring2021/CSCE431/GoogleClassroomRepos/assignment-2-rails-tdd-rspec-and-capybara-mariafloress/BookCollection/BookCollection/spec/acceptance/show_book_spec.rb": {
        "lines": [
          1,
          null,
          1,
          1,
          1,
          1,
          1,
          1,
          1,
          1,
          1,
          null,
          1,
          null,
          1,
          1,
          null,
          null,
          null,
          null,
          null,
          1,
          1,
          1,
          1,
          1,
          1,
          1,
          1,
          1,
          null,
          1,
          null,
          1,
          1,
          null,
          1,
          1,
          null,
          null,
          null,
          null,
          1,
          1,
          1,
          1,
          1,
          1,
          1,
          1,
          1,
          null,
          1,
          null,
          1,
          1,
          null,
          1,
          1,
          null,
          null,
          null,
          null,
          1,
          1,
          1,
          1,
          1,
          1,
          1,
          1,
          1,
          null,
          1,
          null,
          1,
          1,
          null,
          1,
          1,
          null,
          null,
          null
        ]
      },
      "/Users/mariaelisa/Documents/TAMU/Spring2021/CSCE431/GoogleClassroomRepos/assignment-2-rails-tdd-rspec-and-capybara-mariafloress/BookCollection/BookCollection/spec/features/books_spec.rb": {
        "lines": [
          1,
          null,
          1,
          1,
          1,
          1,
          1,
          1,
          null,
          1,
          1,
          1,
          1,
          1,
          null,
          1,
          null,
          1,
          1,
          null,
          null,
          null,
          1,
          1,
          1,
          1,
          1,
          1,
          1,
          1,
          1,
          1,
          1,
          1,
          null,
          null,
          null,
          null,
          1,
          1,
          1,
          1,
          1,
          null,
          1,
          1,
          1,
          1,
          1,
          1,
          1,
          null,
          1,
          1,
          null,
          null,
          null,
          1,
          1,
          1,
          1,
          1,
          null,
          1,
          null,
          1,
          1,
          1,
          1,
          null,
          null,
          null
        ]
      },
      "/Users/mariaelisa/Documents/TAMU/Spring2021/CSCE431/GoogleClassroomRepos/assignment-2-rails-tdd-rspec-and-capybara-mariafloress/BookCollection/BookCollection/spec/models/book_spec.rb": {
        "lines": [
          1,
          null,
          1,
          null,
          1,
          1,
          1,
          null,
          null,
          1,
          1,
          1,
          null,
          null,
          1,
          1,
          1,
          null,
          null,
          1,
          1,
          1,
          null,
          null,
          1,
          1,
          1,
          null,
          null,
          1,
          1,
          1,
          null,
          null,
          null,
          null
        ]
      },
      "/Users/mariaelisa/Documents/TAMU/Spring2021/CSCE431/GoogleClassroomRepos/assignment-2-rails-tdd-rspec-and-capybara-mariafloress/BookCollection/BookCollection/app/models/book.rb": {
        "lines": [
          1,
          1,
          1,
          1,
          1,
          1,
          null
        ]
      },
      "/Users/mariaelisa/Documents/TAMU/Spring2021/CSCE431/GoogleClassroomRepos/assignment-2-rails-tdd-rspec-and-capybara-mariafloress/BookCollection/BookCollection/app/models/application_record.rb": {
        "lines": [
          1,
          1,
          null
        ]
      },
      "/Users/mariaelisa/Documents/TAMU/Spring2021/CSCE431/GoogleClassroomRepos/assignment-2-rails-tdd-rspec-and-capybara-mariafloress/BookCollection/BookCollection/app/controllers/books_controller.rb": {
        "lines": [
          1,
          1,
          31,
          null,
          null,
          1,
          6,
          6,
          null,
          null,
          null,
          null,
          1,
          11,
          null,
          null,
          1,
          11,
          null,
          11,
          11,
          null,
          0,
          null,
          null,
          null,
          1,
          4,
          null,
          null,
          null,
          1,
          3,
          null,
          3,
          3,
          null,
          0,
          null,
          null,
          null,
          1,
          4,
          null,
          null,
          null,
          1,
          2,
          2,
          null,
          2,
          null,
          null,
          null,
          1,
          1,
          14,
          null,
          null,
          null
        ]
      },
      "/Users/mariaelisa/Documents/TAMU/Spring2021/CSCE431/GoogleClassroomRepos/assignment-2-rails-tdd-rspec-and-capybara-mariafloress/BookCollection/BookCollection/app/controllers/application_controller.rb": {
        "lines": [
          1,
          null
        ]
      }
    },
    "timestamp": 1614935755
  }
}
